<?xml version="1.0" encoding="UTF-8"?>
<!-- Generated by org.testng.reporters.JUnitReportReporter -->
<testsuite hostname="TJ20AA026-PC" failures="0" tests="1" name="com.demowebshop.automation.testscript.TS_EndtoEndflow" time="38.470" errors="0" timestamp="2023-04-15T13:50:10 IST" skipped="0">
  <testcase classname="com.demowebshop.automation.testscript.TS_EndtoEndflow" name="script" time="38.470"/>
  <system-out/>
</testsuite> <!-- com.demowebshop.automation.testscript.TS_EndtoEndflow -->
